{"meta": {"format": 3, "version": "7.14.0", "timestamp": "2026-09-10T22:40:45.860363", "branch_coverage": true, "show_contexts": false}, "files": {"src\\core\\__init__.py": {"executed_lines": [7, 15, 17], "summary": {"covered_lines": 3, "num_statements": 3, "percent_covered": 100.0, "percent_covered_display": "100", "missing_lines": 0, "excluded_lines": 0, "percent_statements_covered": 100.0, "percent_statements_covered_display": "100", "num_branches": 0, "num_partial_branches": 0, "covered_branches": 0, "missing_branches": 0, "percent_branches_covered": 100.0, "percent_branches_covered_display": "100"}, "missing_lines": [], "excluded_lines": [], "executed_branches": [], "missing_branches": [], "functions": {"": {"executed_lines": [7, 15, 17], "summary": {"covered_lines": 3, "num_statements": 3, "percent_covered": 100.0, "percent_covered_display": "100", "missing_lines": 0, "excluded_lines": 0, "percent_statements_covered": 100.0, "percent_statements_covered_display": "100", "num_branches": 0, "num_partial_branches": 0, "covered_branches": 0, "missing_branches": 0, "percent_branches_covered": 100.0, "percent_branches_covered_display": "100"}, "missing_lines": [], "excluded_lines": [], "start_line": 1, "executed_branches": [], "missing_branches": []}}, "classes": {"": {"executed_lines": [7, 15, 17], "summary": {"covered_lines": 3, "num_statements": 3, "percent_covered": 100.0, "percent_covered_display": "100", "missing_lines": 0, "excluded_lines": 0, "percent_statements_covered": 100.0, "percent_statements_covered_display": "100", "num_branches": 0, "num_partial_branches": 0, "covered_branches": 0, "missing_branches": 0, "percent_branches_covered": 100.0, "percent_branches_covered_display": "100"}, "missing_lines": [], "excluded_lines": [], "start_line": 1, "executed_branches": [], "missing_branches": []}}}, "src\\core\\config.py": {"executed_lines": [9, 10, 11, 12, 15, 16, 49, 51, 52, 54, 55, 56, 58, 59, 60, 61, 62, 63, 64, 66, 67, 68, 69, 70, 71, 72, 73, 74, 76, 77, 78, 79, 80, 81, 82, 84, 86, 87, 89, 90, 91, 93, 94, 95, 97, 98, 100, 101, 102, 103, 104, 105, 106, 108, 109, 111, 112, 114, 115, 117, 118, 120, 121, 122, 123, 124, 126, 128, 129, 130, 131, 132, 133, 134, 137, 138, 147, 148, 149, 152, 153, 165, 166, 167, 168, 169, 170, 181, 182, 190, 191, 194, 195, 208, 209, 210, 211, 212, 213, 214, 217, 218, 229, 230, 232, 233, 235, 236, 238, 240, 242, 244], "summary": {"covered_lines": 112, "num_statements": 112, "percent_covered": 100.0, "percent_covered_display": "100", "missing_lines": 0, "excluded_lines": 0, "percent_statements_covered": 100.0, "percent_statements_covered_display": "100", "num_branches": 0, "num_partial_branches": 0, "covered_branches": 0, "missing_branches": 0, "percent_branches_covered": 100.0, "percent_branches_covered_display": "100"}, "missing_lines": [], "excluded_lines": [], "executed_branches": [], "missing_branches": [], "functions": {"ProjectPaths.__post_init__": {"executed_lines": [86, 87, 89, 90, 91, 93, 94, 95, 97, 98, 100, 101, 102, 103, 104, 105, 106, 108, 109, 111, 112, 114, 115, 117, 118, 120, 121, 122, 123, 124, 126, 128, 129, 130, 131, 132, 133, 134], "summary": {"covered_lines": 38, "num_statements": 38, "percent_covered": 100.0, "percent_covered_display": "100", "missing_lines": 0, "excluded_lines": 0, "percent_statements_covered": 100.0, "percent_statements_covered_display": "100", "num_branches": 0, "num_partial_branches": 0, "covered_branches": 0, "missing_branches": 0, "percent_branches_covered": 100.0, "percent_branches_covered_display": "100"}, "missing_lines": [], "excluded_lines": [], "start_line": 84, "executed_branches": [], "missing_branches": []}, "RemoteClusterConfig.ws_url": {"executed_lines": [235, 236], "summary": {"covered_lines": 2, "num_statements": 2, "percent_covered": 100.0, "percent_covered_display": "100", "missing_lines": 0, "excluded_lines": 0, "percent_statements_covered": 100.0, "percent_statements_covered_display": "100", "num_branches": 0, "num_partial_branches": 0, "covered_branches": 0, "missing_branches": 0, "percent_branches_covered": 100.0, "percent_branches_covered_display": "100"}, "missing_lines": [], "excluded_lines": [], "start_line": 233, "executed_branches": [], "missing_branches": []}, "RemoteClusterConfig.get_auth_headers": {"executed_lines": [240], "summary": {"covered_lines": 1, "num_statements": 1, "percent_covered": 100.0, "percent_covered_display": "100", "missing_lines": 0, "excluded_lines": 0, "percent_statements_covered": 100.0, "percent_statements_covered_display": "100", "num_branches": 0, "num_partial_branches": 0, "covered_branches": 0, "missing_branches": 0, "percent_branches_covered": 100.0, "percent_branches_covered_display": "100"}, "missing_lines": [], "excluded_lines": [], "start_line": 238, "executed_branches": [], "missing_branches": []}, "RemoteClusterConfig.get_websocket_url": {"executed_lines": [244], "summary": {"covered_lines": 1, "num_statements": 1, "percent_covered": 100.0, "percent_covered_display": "100", "missing_lines": 0, "excluded_lines": 0, "percent_statements_covered": 100.0, "percent_statements_covered_display": "100", "num_branches": 0, "num_partial_branches": 0, "covered_branches": 0, "missing_branches": 0, "percent_branches_covered": 100.0, "percent_branches_covered_display": "100"}, "missing_lines": [], "excluded_lines": [], "start_line": 242, "executed_branches": [], "missing_branches": []}, "": {"executed_lines": [9, 10, 11, 12, 15, 16, 49, 51, 52, 54, 55, 56, 58, 59, 60, 61, 62, 63, 64, 66, 67, 68, 69, 70, 71, 72, 73, 74, 76, 77, 78, 79, 80, 81, 82, 84, 137, 138, 147, 148, 149, 152, 153, 165, 166, 167, 168, 169, 170, 181, 182, 190, 191, 194, 195, 208, 209, 210, 211, 212, 213, 214, 217, 218, 229, 230, 232, 233, 238, 242], "summary": {"covered_lines": 70, "num_statements": 70, "percent_covered": 100.0, "percent_covered_display": "100", "missing_lines": 0, "excluded_lines": 0, "percent_statements_covered": 100.0, "percent_statements_covered_display": "100", "num_branches": 0, "num_partial_branches": 0, "covered_branches": 0, "missing_branches": 0, "percent_branches_covered": 100.0, "percent_branches_covered_display": "100"}, "missing_lines": [], "excluded_lines": [], "start_line": 1, "executed_branches": [], "missing_branches": []}}, "classes": {"ProjectPaths": {"executed_lines": [86, 87, 89, 90, 91, 93, 94, 95, 97, 98, 100, 101, 102, 103, 104, 105, 106, 108, 109, 111, 112, 114, 115, 117, 118, 120, 121, 122, 123, 124, 126, 128, 129, 130, 131, 132, 133, 134], "summary": {"covered_lines": 38, "num_statements": 38, "percent_covered": 100.0, "percent_covered_display": "100", "missing_lines": 0, "excluded_lines": 0, "percent_statements_covered": 100.0, "percent_statements_covered_display": "100", "num_branches": 0, "num_partial_branches": 0, "covered_branches": 0, "missing_branches": 0, "percent_branches_covered": 100.0, "percent_branches_covered_display": "100"}, "missing_lines": [], "excluded_lines": [], "start_line": 16, "executed_branches": [], "missing_branches": []}, "ClusterConfig": {"executed_lines": [], "summary": {"covered_lines": 0, "num_statements": 0, "percent_covered": 100.0, "percent_covered_display": "100", "missing_lines": 0, "excluded_lines": 0, "percent_statements_covered": 100.0, "percent_statements_covered_display": "100", "num_branches": 0, "num_partial_branches": 0, "covered_branches": 0, "missing_branches": 0, "percent_branches_covered": 100.0, "percent_branches_covered_display": "100"}, "missing_lines": [], "excluded_lines": [], "start_line": 138, "executed_branches": [], "missing_branches": []}, "SplitConfig": {"executed_lines": [], "summary": {"covered_lines": 0, "num_statements": 0, "percent_covered": 100.0, "percent_covered_display": "100", "missing_lines": 0, "excluded_lines": 0, "percent_statements_covered": 100.0, "percent_statements_covered_display": "100", "num_branches": 0, "num_partial_branches": 0, "covered_branches": 0, "missing_branches": 0, "percent_branches_covered": 100.0, "percent_branches_covered_display": "100"}, "missing_lines": [], "excluded_lines": [], "start_line": 153, "executed_branches": [], "missing_branches": []}, "DatasetQualityConfig": {"executed_lines": [], "summary": {"covered_lines": 0, "num_statements": 0, "percent_covered": 100.0, "percent_covered_display": "100", "missing_lines": 0, "excluded_lines": 0, "percent_statements_covered": 100.0, "percent_statements_covered_display": "100", "num_branches": 0, "num_partial_branches": 0, "covered_branches": 0, "missing_branches": 0, "percent_branches_covered": 100.0, "percent_branches_covered_display": "100"}, "missing_lines": [], "excluded_lines": [], "start_line": 182, "executed_branches": [], "missing_branches": []}, "MobileBridgeConfig": {"executed_lines": [], "summary": {"covered_lines": 0, "num_statements": 0, "percent_covered": 100.0, "percent_covered_display": "100", "missing_lines": 0, "excluded_lines": 0, "percent_statements_covered": 100.0, "percent_statements_covered_display": "100", "num_branches": 0, "num_partial_branches": 0, "covered_branches": 0, "missing_branches": 0, "percent_branches_covered": 100.0, "percent_branches_covered_display": "100"}, "missing_lines": [], "excluded_lines": [], "start_line": 195, "executed_branches": [], "missing_branches": []}, "RemoteClusterConfig": {"executed_lines": [235, 236, 240, 244], "summary": {"covered_lines": 4, "num_statements": 4, "percent_covered": 100.0, "percent_covered_display": "100", "missing_lines": 0, "excluded_lines": 0, "percent_statements_covered": 100.0, "percent_statements_covered_display": "100", "num_branches": 0, "num_partial_branches": 0, "covered_branches": 0, "missing_branches": 0, "percent_branches_covered": 100.0, "percent_branches_covered_display": "100"}, "missing_lines": [], "excluded_lines": [], "start_line": 218, "executed_branches": [], "missing_branches": []}, "": {"executed_lines": [9, 10, 11, 12, 15, 16, 49, 51, 52, 54, 55, 56, 58, 59, 60, 61, 62, 63, 64, 66, 67, 68, 69, 70, 71, 72, 73, 74, 76, 77, 78, 79, 80, 81, 82, 84, 137, 138, 147, 148, 149, 152, 153, 165, 166, 167, 168, 169, 170, 181, 182, 190, 191, 194, 195, 208, 209, 210, 211, 212, 213, 214, 217, 218, 229, 230, 232, 233, 238, 242], "summary": {"covered_lines": 70, "num_statements": 70, "percent_covered": 100.0, "percent_covered_display": "100", "missing_lines": 0, "excluded_lines": 0, "percent_statements_covered": 100.0, "percent_statements_covered_display": "100", "num_branches": 0, "num_partial_branches": 0, "covered_branches": 0, "missing_branches": 0, "percent_branches_covered": 100.0, "percent_branches_covered_display": "100"}, "missing_lines": [], "excluded_lines": [], "start_line": 1, "executed_branches": [], "missing_branches": []}}}, "src\\core\\constants.py": {"executed_lines": [5, 15, 25], "summary": {"covered_lines": 3, "num_statements": 3, "percent_covered": 100.0, "percent_covered_display": "100", "missing_lines": 0, "excluded_lines": 0, "percent_statements_covered": 100.0, "percent_statements_covered_display": "100", "num_branches": 0, "num_partial_branches": 0, "covered_branches": 0, "missing_branches": 0, "percent_branches_covered": 100.0, "percent_branches_covered_display": "100"}, "missing_lines": [], "excluded_lines": [], "executed_branches": [], "missing_branches": [], "functions": {"": {"executed_lines": [5, 15, 25], "summary": {"covered_lines": 3, "num_statements": 3, "percent_covered": 100.0, "percent_covered_display": "100", "missing_lines": 0, "excluded_lines": 0, "percent_statements_covered": 100.0, "percent_statements_covered_display": "100", "num_branches": 0, "num_partial_branches": 0, "covered_branches": 0, "missing_branches": 0, "percent_branches_covered": 100.0, "percent_branches_covered_display": "100"}, "missing_lines": [], "excluded_lines": [], "start_line": 1, "executed_branches": [], "missing_branches": []}}, "classes": {"": {"executed_lines": [5, 15, 25], "summary": {"covered_lines": 3, "num_statements": 3, "percent_covered": 100.0, "percent_covered_display": "100", "missing_lines": 0, "excluded_lines": 0, "percent_statements_covered": 100.0, "percent_statements_covered_display": "100", "num_branches": 0, "num_partial_branches": 0, "covered_branches": 0, "missing_branches": 0, "percent_branches_covered": 100.0, "percent_branches_covered_display": "100"}, "missing_lines": [], "excluded_lines": [], "start_line": 1, "executed_branches": [], "missing_branches": []}}}, "src\\core\\provenance.py": {"executed_lines": [9, 10, 11, 12, 13, 14, 15, 16, 17, 19, 21, 24, 25, 36, 37, 38, 39, 40, 43, 44, 54, 55, 56, 57, 60, 68, 74, 75, 77, 78, 88, 89, 90, 91, 92, 94, 116, 117, 118, 126, 127, 128, 130, 131, 132, 133, 135, 136, 137, 138, 140, 142, 143, 144, 145, 146, 147, 149, 150, 158, 164, 166, 172, 179, 185, 191, 197, 203, 209, 211, 220, 225, 226, 227, 228, 229, 231, 237, 238, 239, 240, 241, 242, 243, 253, 254, 255, 257, 266, 267, 269, 270, 271, 273, 274, 275, 283, 284, 285, 286, 287, 288, 290, 291, 292, 293, 294, 295, 296, 297, 299, 300, 301, 305, 306, 307, 308, 311, 312, 313, 314, 317, 318, 319, 320, 322, 323, 330, 339, 340, 341, 342, 344, 350, 351, 354, 355, 356, 357, 363, 364, 365, 367, 368, 369, 370, 376, 381, 382, 383, 384], "summary": {"covered_lines": 151, "num_statements": 154, "percent_covered": 95.23809523809524, "percent_covered_display": "95", "missing_lines": 3, "excluded_lines": 0, "percent_statements_covered": 98.05194805194805, "percent_statements_covered_display": "98", "num_branches": 56, "num_partial_branches": 7, "covered_branches": 49, "missing_branches": 7, "percent_branches_covered": 87.5, "percent_branches_covered_display": "88"}, "missing_lines": [134, 377, 378], "excluded_lines": [], "executed_branches": [[90, 91], [90, 92], [117, 118], [117, 126], [127, 128], [127, 130], [132, 133], [132, 140], [133, 135], [136, 137], [136, 138], [143, 144], [143, 149], [237, 238], [237, 239], [273, 274], [273, 283], [283, 284], [283, 305], [285, 286], [285, 290], [290, 283], [290, 291], [292, 293], [292, 295], [293, 292], [293, 294], [295, 296], [295, 299], [296, 295], [296, 297], [305, 306], [305, 311], [306, 307], [311, 312], [311, 317], [312, 313], [317, 318], [317, 322], [318, 319], [340, 341], [340, 344], [350, 351], [350, 354], [354, 355], [363, 364], [363, 367], [367, 368], [376, 381]], "missing_branches": [[133, 134], [306, 311], [312, 317], [318, 322], [354, 367], [367, 381], [376, 377]], "functions": {"ProvenanceTracker.__init__": {"executed_lines": [74, 75], "summary": {"covered_lines": 2, "num_statements": 2, "percent_covered": 100.0, "percent_covered_display": "100", "missing_lines": 0, "excluded_lines": 0, "percent_statements_covered": 100.0, "percent_statements_covered_display": "100", "num_branches": 0, "num_partial_branches": 0, "covered_branches": 0, "missing_branches": 0, "percent_branches_covered": 100.0, "percent_branches_covered_display": "100"}, "missing_lines": [], "excluded_lines": [], "start_line": 68, "executed_branches": [], "missing_branches": []}, "ProvenanceTracker.compute_file_hash": {"executed_lines": [88, 89, 90, 91, 92], "summary": {"covered_lines": 5, "num_statements": 5, "percent_covered": 100.0, "percent_covered_display": "100", "missing_lines": 0, "excluded_lines": 0, "percent_statements_covered": 100.0, "percent_statements_covered_display": "100", "num_branches": 2, "num_partial_branches": 0, "covered_branches": 2, "missing_branches": 0, "percent_branches_covered": 100.0, "percent_branches_covered_display": "100"}, "missing_lines": [], "excluded_lines": [], "start_line": 78, "executed_branches": [[90, 91], [90, 92]], "missing_branches": []}, "ProvenanceTracker.compute_directory_signature": {"executed_lines": [116, 117, 118, 126, 127, 128, 130, 131, 132, 133, 135, 136, 137, 138, 140, 142, 143, 144, 145, 146, 147, 149, 150], "summary": {"covered_lines": 23, "num_statements": 24, "percent_covered": 94.44444444444444, "percent_covered_display": "94", "missing_lines": 1, "excluded_lines": 0, "percent_statements_covered": 95.83333333333333, "percent_statements_covered_display": "96", "num_branches": 12, "num_partial_branches": 1, "covered_branches": 11, "missing_branches": 1, "percent_branches_covered": 91.66666666666667, "percent_branches_covered_display": "92"}, "missing_lines": [134], "excluded_lines": [], "start_line": 94, "executed_branches": [[117, 118], [117, 126], [127, 128], [127, 130], [132, 133], [132, 140], [133, 135], [136, 137], [136, 138], [143, 144], [143, 149]], "missing_branches": [[133, 134]]}, "ProvenanceTracker.capture_current_state": {"executed_lines": [164, 166, 172, 179, 185, 191, 197, 203, 209], "summary": {"covered_lines": 9, "num_statements": 9, "percent_covered": 100.0, "percent_covered_display": "100", "missing_lines": 0, "excluded_lines": 0, "percent_statements_covered": 100.0, "percent_statements_covered_display": "100", "num_branches": 0, "num_partial_branches": 0, "covered_branches": 0, "missing_branches": 0, "percent_branches_covered": 100.0, "percent_branches_covered_display": "100"}, "missing_lines": [], "excluded_lines": [], "start_line": 158, "executed_branches": [], "missing_branches": []}, "ProvenanceTracker.save_state_manifest": {"executed_lines": [220, 225, 226, 227, 228, 229], "summary": {"covered_lines": 6, "num_statements": 6, "percent_covered": 100.0, "percent_covered_display": "100", "missing_lines": 0, "excluded_lines": 0, "percent_statements_covered": 100.0, "percent_statements_covered_display": "100", "num_branches": 0, "num_partial_branches": 0, "covered_branches": 0, "missing_branches": 0, "percent_branches_covered": 100.0, "percent_branches_covered_display": "100"}, "missing_lines": [], "excluded_lines": [], "start_line": 211, "executed_branches": [], "missing_branches": []}, "ProvenanceTracker.load_state_manifest": {"executed_lines": [237, 238, 239, 240, 241, 242, 243, 253, 254, 255], "summary": {"covered_lines": 10, "num_statements": 10, "percent_covered": 100.0, "percent_covered_display": "100", "missing_lines": 0, "excluded_lines": 0, "percent_statements_covered": 100.0, "percent_statements_covered_display": "100", "num_branches": 2, "num_partial_branches": 0, "covered_branches": 2, "missing_branches": 0, "percent_branches_covered": 100.0, "percent_branches_covered_display": "100"}, "missing_lines": [], "excluded_lines": [], "start_line": 231, "executed_branches": [[237, 238], [237, 239]], "missing_branches": []}, "ProvenanceTracker.evaluate_invalidation": {"executed_lines": [266, 267, 269, 270, 271, 273, 274, 275, 283, 284, 285, 286, 287, 288, 290, 291, 292, 293, 294, 295, 296, 297, 299, 300, 301, 305, 306, 307, 308, 311, 312, 313, 314, 317, 318, 319, 320, 322, 323], "summary": {"covered_lines": 39, "num_statements": 39, "percent_covered": 95.5223880597015, "percent_covered_display": "96", "missing_lines": 0, "excluded_lines": 0, "percent_statements_covered": 100.0, "percent_statements_covered_display": "100", "num_branches": 28, "num_partial_branches": 3, "covered_branches": 25, "missing_branches": 3, "percent_branches_covered": 89.28571428571429, "percent_branches_covered_display": "89"}, "missing_lines": [], "excluded_lines": [], "start_line": 257, "executed_branches": [[273, 274], [273, 283], [283, 284], [283, 305], [285, 286], [285, 290], [290, 283], [290, 291], [292, 293], [292, 295], [293, 292], [293, 294], [295, 296], [295, 299], [296, 295], [296, 297], [305, 306], [305, 311], [306, 307], [311, 312], [311, 317], [312, 313], [317, 318], [317, 322], [318, 319]], "missing_branches": [[306, 311], [312, 317], [318, 322]]}, "ProvenanceTracker.invalidate_and_sync": {"executed_lines": [339, 340, 341, 342, 344, 350, 351, 354, 355, 356, 357, 363, 364, 365, 367, 368, 369, 370, 376, 381, 382, 383, 384], "summary": {"covered_lines": 23, "num_statements": 25, "percent_covered": 86.48648648648648, "percent_covered_display": "86", "missing_lines": 2, "excluded_lines": 0, "percent_statements_covered": 92.0, "percent_statements_covered_display": "92", "num_branches": 12, "num_partial_branches": 3, "covered_branches": 9, "missing_branches": 3, "percent_branches_covered": 75.0, "percent_branches_covered_display": "75"}, "missing_lines": [377, 378], "excluded_lines": [], "start_line": 330, "executed_branches": [[340, 341], [340, 344], [350, 351], [350, 354], [354, 355], [363, 364], [363, 367], [367, 368], [376, 381]], "missing_branches": [[354, 367], [367, 381], [376, 377]]}, "": {"executed_lines": [9, 10, 11, 12, 13, 14, 15, 16, 17, 19, 21, 24, 25, 36, 37, 38, 39, 40, 43, 44, 54, 55, 56, 57, 60, 68, 77, 78, 94, 158, 211, 231, 257, 330], "summary": {"covered_lines": 34, "num_statements": 34, "percent_covered": 100.0, "percent_covered_display": "100", "missing_lines": 0, "excluded_lines": 0, "percent_statements_covered": 100.0, "percent_statements_covered_display": "100", "num_branches": 0, "num_partial_branches": 0, "covered_branches": 0, "missing_branches": 0, "percent_branches_covered": 100.0, "percent_branches_covered_display": "100"}, "missing_lines": [], "excluded_lines": [], "start_line": 1, "executed_branches": [], "missing_branches": []}}, "classes": {"StageSignature": {"executed_lines": [], "summary": {"covered_lines": 0, "num_statements": 0, "percent_covered": 100.0, "percent_covered_display": "100", "missing_lines": 0, "excluded_lines": 0, "percent_statements_covered": 100.0, "percent_statements_covered_display": "100", "num_branches": 0, "num_partial_branches": 0, "covered_branches": 0, "missing_branches": 0, "percent_branches_covered": 100.0, "percent_branches_covered_display": "100"}, "missing_lines": [], "excluded_lines": [], "start_line": 25, "executed_branches": [], "missing_branches": []}, "InvalidationStatus": {"executed_lines": [], "summary": {"covered_lines": 0, "num_statements": 0, "percent_covered": 100.0, "percent_covered_display": "100", "missing_lines": 0, "excluded_lines": 0, "percent_statements_covered": 100.0, "percent_statements_covered_display": "100", "num_branches": 0, "num_partial_branches": 0, "covered_branches": 0, "missing_branches": 0, "percent_branches_covered": 100.0, "percent_branches_covered_display": "100"}, "missing_lines": [], "excluded_lines": [], "start_line": 44, "executed_branches": [], "missing_branches": []}, "ProvenanceTracker": {"executed_lines": [74, 75, 88, 89, 90, 91, 92, 116, 117, 118, 126, 127, 128, 130, 131, 132, 133, 135, 136, 137, 138, 140, 142, 143, 144, 145, 146, 147, 149, 150, 164, 166, 172, 179, 185, 191, 197, 203, 209, 220, 225, 226, 227, 228, 229, 237, 238, 239, 240, 241, 242, 243, 253, 254, 255, 266, 267, 269, 270, 271, 273, 274, 275, 283, 284, 285, 286, 287, 288, 290, 291, 292, 293, 294, 295, 296, 297, 299, 300, 301, 305, 306, 307, 308, 311, 312, 313, 314, 317, 318, 319, 320, 322, 323, 339, 340, 341, 342, 344, 350, 351, 354, 355, 356, 357, 363, 364, 365, 367, 368, 369, 370, 376, 381, 382, 383, 384], "summary": {"covered_lines": 117, "num_statements": 120, "percent_covered": 94.31818181818181, "percent_covered_display": "94", "missing_lines": 3, "excluded_lines": 0, "percent_statements_covered": 97.5, "percent_statements_covered_display": "98", "num_branches": 56, "num_partial_branches": 7, "covered_branches": 49, "missing_branches": 7, "percent_branches_covered": 87.5, "percent_branches_covered_display": "88"}, "missing_lines": [134, 377, 378], "excluded_lines": [], "start_line": 60, "executed_branches": [[90, 91], [90, 92], [117, 118], [117, 126], [127, 128], [127, 130], [132, 133], [132, 140], [133, 135], [136, 137], [136, 138], [143, 144], [143, 149], [237, 238], [237, 239], [273, 274], [273, 283], [283, 284], [283, 305], [285, 286], [285, 290], [290, 283], [290, 291], [292, 293], [292, 295], [293, 292], [293, 294], [295, 296], [295, 299], [296, 295], [296, 297], [305, 306], [305, 311], [306, 307], [311, 312], [311, 317], [312, 313], [317, 318], [317, 322], [318, 319], [340, 341], [340, 344], [350, 351], [350, 354], [354, 355], [363, 364], [363, 367], [367, 368], [376, 381]], "missing_branches": [[133, 134], [306, 311], [312, 317], [318, 322], [354, 367], [367, 381], [376, 377]]}, "": {"executed_lines": [9, 10, 11, 12, 13, 14, 15, 16, 17, 19, 21, 24, 25, 36, 37, 38, 39, 40, 43, 44, 54, 55, 56, 57, 60, 68, 77, 78, 94, 158, 211, 231, 257, 330], "summary": {"covered_lines": 34, "num_statements": 34, "percent_covered": 100.0, "percent_covered_display": "100", "missing_lines": 0, "excluded_lines": 0, "percent_statements_covered": 100.0, "percent_statements_covered_display": "100", "num_branches": 0, "num_partial_branches": 0, "covered_branches": 0, "missing_branches": 0, "percent_branches_covered": 100.0, "percent_branches_covered_display": "100"}, "missing_lines": [], "excluded_lines": [], "start_line": 1, "executed_branches": [], "missing_branches": []}}}, "src\\data\\__init__.py": {"executed_lines": [8, 9, 10, 11, 12, 14], "summary": {"covered_lines": 6, "num_statements": 6, "percent_covered": 100.0, "percent_covered_display": "100", "missing_lines": 0, "excluded_lines": 0, "percent_statements_covered": 100.0, "percent_statements_covered_display": "100", "num_branches": 0, "num_partial_branches": 0, "covered_branches": 0, "missing_branches": 0, "percent_branches_covered": 100.0, "percent_branches_covered_display": "100"}, "missing_lines": [], "excluded_lines": [], "executed_branches": [], "missing_branches": [], "functions": {"": {"executed_lines": [8, 9, 10, 11, 12, 14], "summary": {"covered_lines": 6, "num_statements": 6, "percent_covered": 100.0, "percent_covered_display": "100", "missing_lines": 0, "excluded_lines": 0, "percent_statements_covered": 100.0, "percent_statements_covered_display": "100", "num_branches": 0, "num_partial_branches": 0, "covered_branches": 0, "missing_branches": 0, "percent_branches_covered": 100.0, "percent_branches_covered_display": "100"}, "missing_lines": [], "excluded_lines": [], "start_line": 1, "executed_branches": [], "missing_branches": []}}, "classes": {"": {"executed_lines": [8, 9, 10, 11, 12, 14], "summary": {"covered_lines": 6, "num_statements": 6, "percent_covered": 100.0, "percent_covered_display": "100", "missing_lines": 0, "excluded_lines": 0, "percent_statements_covered": 100.0, "percent_statements_covered_display": "100", "num_branches": 0, "num_partial_branches": 0, "covered_branches": 0, "missing_branches": 0, "percent_branches_covered": 100.0, "percent_branches_covered_display": "100"}, "missing_lines": [], "excluded_lines": [], "start_line": 1, "executed_branches": [], "missing_branches": []}}}, "src\\data\\clustering.py": {"executed_lines": [9, 10, 11, 13, 14, 15, 16, 18, 20, 23, 24, 34, 35, 36, 37, 40, 48, 59, 60, 62, 78, 79, 80, 81, 82, 83, 84, 85, 87, 88, 99, 100, 101, 103, 116, 117, 118, 123, 124, 125, 128, 130, 131, 133, 134, 136, 142, 144, 149, 150, 151, 153, 154], "summary": {"covered_lines": 53, "num_statements": 54, "percent_covered": 96.55172413793103, "percent_covered_display": "97", "missing_lines": 1, "excluded_lines": 5, "percent_statements_covered": 98.14814814814815, "percent_statements_covered_display": "98", "num_branches": 4, "num_partial_branches": 1, "covered_branches": 3, "missing_branches": 1, "percent_branches_covered": 75.0, "percent_branches_covered_display": "75"}, "missing_lines": [127], "excluded_lines": [162, 163, 164, 165, 166], "executed_branches": [[79, 80], [79, 85], [124, 125]], "missing_branches": [[124, 127]], "functions": {"MetaSceneClusterer.__init__": {"executed_lines": [59, 60], "summary": {"covered_lines": 2, "num_statements": 2, "percent_covered": 100.0, "percent_covered_display": "100", "missing_lines": 0, "excluded_lines": 0, "percent_statements_covered": 100.0, "percent_statements_covered_display": "100", "num_branches": 0, "num_partial_branches": 0, "covered_branches": 0, "missing_branches": 0, "percent_branches_covered": 100.0, "percent_branches_covered_display": "100"}, "missing_lines": [], "excluded_lines": [], "start_line": 48, "executed_branches": [], "missing_branches": []}, "MetaSceneClusterer._compute_folder_centroids": {"executed_lines": [78, 79, 80, 81, 82, 83, 84, 85], "summary": {"covered_lines": 8, "num_statements": 8, "percent_covered": 100.0, "percent_covered_display": "100", "missing_lines": 0, "excluded_lines": 0, "percent_statements_covered": 100.0, "percent_statements_covered_display": "100", "num_branches": 2, "num_partial_branches": 0, "covered_branches": 2, "missing_branches": 0, "percent_branches_covered": 100.0, "percent_branches_covered_display": "100"}, "missing_lines": [], "excluded_lines": [], "start_line": 62, "executed_branches": [[79, 80], [79, 85]], "missing_branches": []}, "MetaSceneClusterer._compute_cosine_distance_matrix": {"executed_lines": [99, 100, 101], "summary": {"covered_lines": 3, "num_statements": 3, "percent_covered": 100.0, "percent_covered_display": "100", "missing_lines": 0, "excluded_lines": 0, "percent_statements_covered": 100.0, "percent_statements_covered_display": "100", "num_branches": 0, "num_partial_branches": 0, "covered_branches": 0, "missing_branches": 0, "percent_branches_covered": 100.0, "percent_branches_covered_display": "100"}, "missing_lines": [], "excluded_lines": [], "start_line": 88, "executed_branches": [], "missing_branches": []}, "MetaSceneClusterer.execute": {"executed_lines": [116, 117, 118, 123, 124, 125, 128, 130, 131, 133, 134, 136, 142, 144, 149, 150, 151, 153, 154], "summary": {"covered_lines": 19, "num_statements": 20, "percent_covered": 90.9090909090909, "percent_covered_display": "91", "missing_lines": 1, "excluded_lines": 0, "percent_statements_covered": 95.0, "percent_statements_covered_display": "95", "num_branches": 2, "num_partial_branches": 1, "covered_branches": 1, "missing_branches": 1, "percent_branches_covered": 50.0, "percent_branches_covered_display": "50"}, "missing_lines": [127], "excluded_lines": [], "start_line": 103, "executed_branches": [[124, 125]], "missing_branches": [[124, 127]]}, "": {"executed_lines": [9, 10, 11, 13, 14, 15, 16, 18, 20, 23, 24, 34, 35, 36, 37, 40, 48, 62, 87, 88, 103], "summary": {"covered_lines": 21, "num_statements": 21, "percent_covered": 100.0, "percent_covered_display": "100", "missing_lines": 0, "excluded_lines": 5, "percent_statements_covered": 100.0, "percent_statements_covered_display": "100", "num_branches": 0, "num_partial_branches": 0, "covered_branches": 0, "missing_branches": 0, "percent_branches_covered": 100.0, "percent_branches_covered_display": "100"}, "missing_lines": [], "excluded_lines": [162, 163, 164, 165, 166], "start_line": 1, "executed_branches": [], "missing_branches": []}}, "classes": {"ClusterOutput": {"executed_lines": [], "summary": {"covered_lines": 0, "num_statements": 0, "percent_covered": 100.0, "percent_covered_display": "100", "missing_lines": 0, "excluded_lines": 0, "percent_statements_covered": 100.0, "percent_statements_covered_display": "100", "num_branches": 0, "num_partial_branches": 0, "covered_branches": 0, "missing_branches": 0, "percent_branches_covered": 100.0, "percent_branches_covered_display": "100"}, "missing_lines": [], "excluded_lines": [], "start_line": 24, "executed_branches": [], "missing_branches": []}, "MetaSceneClusterer": {"executed_lines": [59, 60, 78, 79, 80, 81, 82, 83, 84, 85, 99, 100, 101, 116, 117, 118, 123, 124, 125, 128, 130, 131, 133, 134, 136, 142, 144, 149, 150, 151, 153, 154], "summary": {"covered_lines": 32, "num_statements": 33, "percent_covered": 94.5945945945946, "percent_covered_display": "95", "missing_lines": 1, "excluded_lines": 0, "percent_statements_covered": 96.96969696969697, "percent_statements_covered_display": "97", "num_branches": 4, "num_partial_branches": 1, "covered_branches": 3, "missing_branches": 1, "percent_branches_covered": 75.0, "percent_branches_covered_display": "75"}, "missing_lines": [127], "excluded_lines": [], "start_line": 40, "executed_branches": [[79, 80], [79, 85], [124, 125]], "missing_branches": [[124, 127]]}, "": {"executed_lines": [9, 10, 11, 13, 14, 15, 16, 18, 20, 23, 24, 34, 35, 36, 37, 40, 48, 62, 87, 88, 103], "summary": {"covered_lines": 21, "num_statements": 21, "percent_covered": 100.0, "percent_covered_display": "100", "missing_lines": 0, "excluded_lines": 5, "percent_statements_covered": 100.0, "percent_statements_covered_display": "100", "num_branches": 0, "num_partial_branches": 0, "covered_branches": 0, "missing_branches": 0, "percent_branches_covered": 100.0, "percent_branches_covered_display": "100"}, "missing_lines": [], "excluded_lines": [162, 163, 164, 165, 166], "start_line": 1, "executed_branches": [], "missing_branches": []}}}, "src\\data\\deduplicate.py": {"executed_lines": [9, 10, 11, 12, 13, 14, 16, 17, 18, 20, 22, 24, 28, 31, 32, 47, 48, 49, 50, 51, 52, 53, 54, 55, 56, 57, 61, 62, 76, 77, 78, 79, 80, 81, 82, 83, 86, 95, 102, 103, 104, 106, 115, 116, 117, 119, 120, 124, 125, 126, 127, 128, 130, 131, 140, 141, 143, 144, 146, 149, 157, 163, 164, 169, 170, 179, 180, 181, 182, 183, 185, 197, 198, 199, 200, 201, 203, 204, 205, 206, 207, 208, 210, 211, 212, 213, 214, 215, 217, 219, 220, 221, 222, 224, 226, 242, 243, 244, 246, 247, 248, 249, 250, 251, 252, 253, 254, 255, 256, 257, 258, 259, 260, 261, 263, 264, 273, 274, 275, 276, 277, 278, 279, 280, 281, 282, 283, 284, 285, 286, 287, 289, 301, 302, 304, 305, 309, 310, 311, 313, 314, 315, 320, 322, 336, 337, 338, 340, 341, 342, 344, 345, 347, 348, 349, 350, 352, 354, 355, 356, 361, 372, 378, 379, 381, 382, 383, 384, 388, 389, 391, 392, 393, 395, 396, 397, 398, 401, 402, 403, 405, 406, 407, 408, 409, 410, 412], "summary": {"covered_lines": 187, "num_statements": 191, "percent_covered": 96.73469387755102, "percent_covered_display": "97", "missing_lines": 4, "excluded_lines": 5, "percent_statements_covered": 97.90575916230367, "percent_statements_covered_display": "98", "num_branches": 54, "num_partial_branches": 4, "covered_branches": 50, "missing_branches": 4, "percent_branches_covered": 92.5925925925926, "percent_branches_covered_display": "93"}, "missing_lines": [121, 122, 145, 399], "excluded_lines": [415, 416, 417, 418, 419], "executed_branches": [[115, 116], [115, 119], [120, 124], [140, 141], [140, 143], [144, 146], [181, 182], [181, 183], [203, 204], [203, 224], [206, 207], [206, 210], [211, 212], [211, 217], [220, 221], [247, 248], [247, 261], [249, 247], [249, 250], [253, 249], [253, 254], [255, 253], [255, 256], [257, 258], [257, 259], [275, 276], [275, 287], [276, 275], [276, 277], [280, 281], [280, 286], [282, 280], [282, 283], [283, 282], [283, 284], [304, 305], [304, 320], [313, 304], [313, 314], [337, 338], [337, 340], [395, 396], [395, 412], [398, 401], [401, 395], [401, 402], [405, 406], [405, 408], [408, 401], [408, 409]], "missing_branches": [[120, 121], [144, 145], [220, 203], [398, 399]], "functions": {"PerceptualHasher.__init__": {"executed_lines": [102, 103, 104], "summary": {"covered_lines": 3, "num_statements": 3, "percent_covered": 100.0, "percent_covered_display": "100", "missing_lines": 0, "excluded_lines": 0, "percent_statements_covered": 100.0, "percent_statements_covered_display": "100", "num_branches": 0, "num_partial_branches": 0, "covered_branches": 0, "missing_branches": 0, "percent_branches_covered": 100.0, "percent_branches_covered_display": "100"}, "missing_lines": [], "excluded_lines": [], "start_line": 95, "executed_branches": [], "missing_branches": []}, "PerceptualHasher.compute_phash": {"executed_lines": [115, 116, 117, 119, 120, 124, 125, 126, 127, 128], "summary": {"covered_lines": 10, "num_statements": 12, "percent_covered": 81.25, "percent_covered_display": "81", "missing_lines": 2, "excluded_lines": 0, "percent_statements_covered": 83.33333333333333, "percent_statements_covered_display": "83", "num_branches": 4, "num_partial_branches": 1, "covered_branches": 3, "missing_branches": 1, "percent_branches_covered": 75.0, "percent_branches_covered_display": "75"}, "missing_lines": [121, 122], "excluded_lines": [], "start_line": 106, "executed_branches": [[115, 116], [115, 119], [120, 124]], "missing_branches": [[120, 121]]}, "PerceptualHasher.compute_sharpness": {"executed_lines": [140, 141, 143, 144, 146], "summary": {"covered_lines": 5, "num_statements": 6, "percent_covered": 80.0, "percent_covered_display": "80", "missing_lines": 1, "excluded_lines": 0, "percent_statements_covered": 83.33333333333333, "percent_statements_covered_display": "83", "num_branches": 4, "num_partial_branches": 1, "covered_branches": 3, "missing_branches": 1, "percent_branches_covered": 75.0, "percent_branches_covered_display": "75"}, "missing_lines": [145], "excluded_lines": [], "start_line": 131, "executed_branches": [[140, 141], [140, 143], [144, 146]], "missing_branches": [[144, 145]]}, "DeduplicationPipeline.__init__": {"executed_lines": [163, 164], "summary": {"covered_lines": 2, "num_statements": 2, "percent_covered": 100.0, "percent_covered_display": "100", "missing_lines": 0, "excluded_lines": 0, "percent_statements_covered": 100.0, "percent_statements_covered_display": "100", "num_branches": 0, "num_partial_branches": 0, "covered_branches": 0, "missing_branches": 0, "percent_branches_covered": 100.0, "percent_branches_covered_display": "100"}, "missing_lines": [], "excluded_lines": [], "start_line": 157, "executed_branches": [], "missing_branches": []}, "DeduplicationPipeline.compute_file_sha256": {"executed_lines": [179, 180, 181, 182, 183], "summary": {"covered_lines": 5, "num_statements": 5, "percent_covered": 100.0, "percent_covered_display": "100", "missing_lines": 0, "excluded_lines": 0, "percent_statements_covered": 100.0, "percent_statements_covered_display": "100", "num_branches": 2, "num_partial_branches": 0, "covered_branches": 2, "missing_branches": 0, "percent_branches_covered": 100.0, "percent_branches_covered_display": "100"}, "missing_lines": [], "excluded_lines": [], "start_line": 170, "executed_branches": [[181, 182], [181, 183]], "missing_branches": []}, "DeduplicationPipeline._find_exact_and_phash": {"executed_lines": [197, 198, 199, 200, 201, 203, 204, 205, 206, 207, 208, 210, 211, 212, 213, 214, 215, 217, 219, 220, 221, 222, 224], "summary": {"covered_lines": 23, "num_statements": 23, "percent_covered": 96.7741935483871, "percent_covered_display": "97", "missing_lines": 0, "excluded_lines": 0, "percent_statements_covered": 100.0, "percent_statements_covered_display": "100", "num_branches": 8, "num_partial_branches": 1, "covered_branches": 7, "missing_branches": 1, "percent_branches_covered": 87.5, "percent_branches_covered_display": "88"}, "missing_lines": [], "excluded_lines": [], "start_line": 185, "executed_branches": [[203, 204], [203, 224], [206, 207], [206, 210], [211, 212], [211, 217], [220, 221]], "missing_branches": [[220, 203]]}, "DeduplicationPipeline._compute_perceptual_adjacency": {"executed_lines": [242, 243, 244, 246, 247, 248, 249, 250, 251, 252, 253, 254, 255, 256, 257, 258, 259, 260, 261], "summary": {"covered_lines": 19, "num_statements": 19, "percent_covered": 100.0, "percent_covered_display": "100", "missing_lines": 0, "excluded_lines": 0, "percent_statements_covered": 100.0, "percent_statements_covered_display": "100", "num_branches": 10, "num_partial_branches": 0, "covered_branches": 10, "missing_branches": 0, "percent_branches_covered": 100.0, "percent_branches_covered_display": "100"}, "missing_lines": [], "excluded_lines": [], "start_line": 226, "executed_branches": [[247, 248], [247, 261], [249, 247], [249, 250], [253, 249], [253, 254], [255, 253], [255, 256], [257, 258], [257, 259]], "missing_branches": []}, "DeduplicationPipeline._find_connected_components": {"executed_lines": [273, 274, 275, 276, 277, 278, 279, 280, 281, 282, 283, 284, 285, 286, 287], "summary": {"covered_lines": 15, "num_statements": 15, "percent_covered": 100.0, "percent_covered_display": "100", "missing_lines": 0, "excluded_lines": 0, "percent_statements_covered": 100.0, "percent_statements_covered_display": "100", "num_branches": 10, "num_partial_branches": 0, "covered_branches": 10, "missing_branches": 0, "percent_branches_covered": 100.0, "percent_branches_covered_display": "100"}, "missing_lines": [], "excluded_lines": [], "start_line": 264, "executed_branches": [[275, 276], [275, 287], [276, 275], [276, 277], [280, 281], [280, 286], [282, 280], [282, 283], [283, 282], [283, 284]], "missing_branches": []}, "DeduplicationPipeline._resolve_canonical_representatives": {"executed_lines": [301, 302, 304, 305, 309, 310, 311, 313, 314, 315, 320], "summary": {"covered_lines": 11, "num_statements": 11, "percent_covered": 100.0, "percent_covered_display": "100", "missing_lines": 0, "excluded_lines": 0, "percent_statements_covered": 100.0, "percent_statements_covered_display": "100", "num_branches": 4, "num_partial_branches": 0, "covered_branches": 4, "missing_branches": 0, "percent_branches_covered": 100.0, "percent_branches_covered_display": "100"}, "missing_lines": [], "excluded_lines": [], "start_line": 289, "executed_branches": [[304, 305], [304, 320], [313, 304], [313, 314]], "missing_branches": []}, "DeduplicationPipeline.run": {"executed_lines": [336, 337, 338, 340, 341, 342, 344, 345, 347, 348, 349, 350, 352, 354, 355, 356, 361], "summary": {"covered_lines": 17, "num_statements": 17, "percent_covered": 100.0, "percent_covered_display": "100", "missing_lines": 0, "excluded_lines": 0, "percent_statements_covered": 100.0, "percent_statements_covered_display": "100", "num_branches": 2, "num_partial_branches": 0, "covered_branches": 2, "missing_branches": 0, "percent_branches_covered": 100.0, "percent_branches_covered_display": "100"}, "missing_lines": [], "excluded_lines": [], "start_line": 322, "executed_branches": [[337, 338], [337, 340]], "missing_branches": []}, "DeduplicationPipeline.apply_pruning": {"executed_lines": [378, 379, 381, 382, 383, 384, 388, 389, 391, 392, 393, 395, 396, 397, 398, 401, 402, 403, 405, 406, 407, 408, 409, 410, 412], "summary": {"covered_lines": 25, "num_statements": 26, "percent_covered": 94.44444444444444, "percent_covered_display": "94", "missing_lines": 1, "excluded_lines": 0, "percent_statements_covered": 96.15384615384616, "percent_statements_covered_display": "96", "num_branches": 10, "num_partial_branches": 1, "covered_branches": 9, "missing_branches": 1, "percent_branches_covered": 90.0, "percent_branches_covered_display": "90"}, "missing_lines": [399], "excluded_lines": [], "start_line": 372, "executed_branches": [[395, 396], [395, 412], [398, 401], [401, 395], [401, 402], [405, 406], [405, 408], [408, 401], [408, 409]], "missing_branches": [[398, 399]]}, "": {"executed_lines": [9, 10, 11, 12, 13, 14, 16, 17, 18, 20, 22, 24, 28, 31, 32, 47, 48, 49, 50, 51, 52, 53, 54, 55, 56, 57, 61, 62, 76, 77, 78, 79, 80, 81, 82, 83, 86, 95, 106, 130, 131, 149, 157, 169, 170, 185, 226, 263, 264, 289, 322, 372], "summary": {"covered_lines": 52, "num_statements": 52, "percent_covered": 100.0, "percent_covered_display": "100", "missing_lines": 0, "excluded_lines": 5, "percent_statements_covered": 100.0, "percent_statements_covered_display": "100", "num_branches": 0, "num_partial_branches": 0, "covered_branches": 0, "missing_branches": 0, "percent_branches_covered": 100.0, "percent_branches_covered_display": "100"}, "missing_lines": [], "excluded_lines": [415, 416, 417, 418, 419], "start_line": 1, "executed_branches": [], "missing_branches": []}}, "classes": {"DeduplicationConfig": {"executed_lines": [], "summary": {"covered_lines": 0, "num_statements": 0, "percent_covered": 100.0, "percent_covered_display": "100", "missing_lines": 0, "excluded_lines": 0, "percent_statements_covered": 100.0, "percent_statements_covered_display": "100", "num_branches": 0, "num_partial_branches": 0, "covered_branches": 0, "missing_branches": 0, "percent_branches_covered": 100.0, "percent_branches_covered_display": "100"}, "missing_lines": [], "excluded_lines": [], "start_line": 32, "executed_branches": [], "missing_branches": []}, "DuplicateResult": {"executed_lines": [], "summary": {"covered_lines": 0, "num_statements": 0, "percent_covered": 100.0, "percent_covered_display": "100", "missing_lines": 0, "excluded_lines": 0, "percent_statements_covered": 100.0, "percent_statements_covered_display": "100", "num_branches": 0, "num_partial_branches": 0, "covered_branches": 0, "missing_branches": 0, "percent_branches_covered": 100.0, "percent_branches_covered_display": "100"}, "missing_lines": [], "excluded_lines": [], "start_line": 62, "executed_branches": [], "missing_branches": []}, "PerceptualHasher": {"executed_lines": [102, 103, 104, 115, 116, 117, 119, 120, 124, 125, 126, 127, 128, 140, 141, 143, 144, 146], "summary": {"covered_lines": 18, "num_statements": 21, "percent_covered": 82.75862068965517, "percent_covered_display": "83", "missing_lines": 3, "excluded_lines": 0, "percent_statements_covered": 85.71428571428571, "percent_statements_covered_display": "86", "num_branches": 8, "num_partial_branches": 2, "covered_branches": 6, "missing_branches": 2, "percent_branches_covered": 75.0, "percent_branches_covered_display": "75"}, "missing_lines": [121, 122, 145], "excluded_lines": [], "start_line": 86, "executed_branches": [[115, 116], [115, 119], [120, 124], [140, 141], [140, 143], [144, 146]], "missing_branches": [[120, 121], [144, 145]]}, "DeduplicationPipeline": {"executed_lines": [163, 164, 179, 180, 181, 182, 183, 197, 198, 199, 200, 201, 203, 204, 205, 206, 207, 208, 210, 211, 212, 213, 214, 215, 217, 219, 220, 221, 222, 224, 242, 243, 244, 246, 247, 248, 249, 250, 251, 252, 253, 254, 255, 256, 257, 258, 259, 260, 261, 273, 274, 275, 276, 277, 278, 279, 280, 281, 282, 283, 284, 285, 286, 287, 301, 302, 304, 305, 309, 310, 311, 313, 314, 315, 320, 336, 337, 338, 340, 341, 342, 344, 345, 347, 348, 349, 350, 352, 354, 355, 356, 361, 378, 379, 381, 382, 383, 384, 388, 389, 391, 392, 393, 395, 396, 397, 398, 401, 402, 403, 405, 406, 407, 408, 409, 410, 412], "summary": {"covered_lines": 117, "num_statements": 118, "percent_covered": 98.17073170731707, "percent_covered_display": "98", "missing_lines": 1, "excluded_lines": 0, "percent_statements_covered": 99.15254237288136, "percent_statements_covered_display": "99", "num_branches": 46, "num_partial_branches": 2, "covered_branches": 44, "missing_branches": 2, "percent_branches_covered": 95.65217391304348, "percent_branches_covered_display": "96"}, "missing_lines": [399], "excluded_lines": [], "start_line": 149, "executed_branches": [[181, 182], [181, 183], [203, 204], [203, 224], [206, 207], [206, 210], [211, 212], [211, 217], [220, 221], [247, 248], [247, 261], [249, 247], [249, 250], [253, 249], [253, 254], [255, 253], [255, 256], [257, 258], [257, 259], [275, 276], [275, 287], [276, 275], [276, 277], [280, 281], [280, 286], [282, 280], [282, 283], [283, 282], [283, 284], [304, 305], [304, 320], [313, 304], [313, 314], [337, 338], [337, 340], [395, 396], [395, 412], [398, 401], [401, 395], [401, 402], [405, 406], [405, 408], [408, 401], [408, 409]], "missing_branches": [[220, 203], [398, 399]]}, "": {"executed_lines": [9, 10, 11, 12, 13, 14, 16, 17, 18, 20, 22, 24, 28, 31, 32, 47, 48, 49, 50, 51, 52, 53, 54, 55, 56, 57, 61, 62, 76, 77, 78, 79, 80, 81, 82, 83, 86, 95, 106, 130, 131, 149, 157, 169, 170, 185, 226, 263, 264, 289, 322, 372], "summary": {"covered_lines": 52, "num_statements": 52, "percent_covered": 100.0, "percent_covered_display": "100", "missing_lines": 0, "excluded_lines": 5, "percent_statements_covered": 100.0, "percent_statements_covered_display": "100", "num_branches": 0, "num_partial_branches": 0, "covered_branches": 0, "missing_branches": 0, "percent_branches_covered": 100.0, "percent_branches_covered_display": "100"}, "missing_lines": [], "excluded_lines": [415, 416, 417, 418, 419], "start_line": 1, "executed_branches": [], "missing_branches": []}}}, "src\\data\\embeddings.py": {"executed_lines": [9, 10, 11, 12, 13, 15, 16, 17, 18, 19, 20, 21, 22, 23, 25, 27, 28, 31, 32, 49, 50, 51, 52, 53, 54, 55, 56, 57, 58, 59, 62, 71, 89, 90, 92, 93, 94, 98, 99, 100, 101, 103, 112, 113, 114, 115, 116, 117, 118, 120, 122, 124, 133, 134, 135, 136, 138, 139, 140, 143, 152, 158, 159, 160, 169, 175, 176, 177, 178, 179, 180, 182, 184, 190, 195, 203, 204, 205, 206, 207, 209, 210, 212, 213, 214, 215, 218, 219, 221, 222, 223, 224, 226, 227, 228, 232, 234, 252, 253, 254, 255, 256, 257, 258, 259, 260, 261, 262, 263, 264, 266, 267, 269, 285, 286, 287, 292, 293, 294, 300, 301, 302, 304, 313, 314, 315, 316, 317, 319], "summary": {"covered_lines": 129, "num_statements": 138, "percent_covered": 90.625, "percent_covered_display": "91", "missing_lines": 9, "excluded_lines": 0, "percent_statements_covered": 93.47826086956522, "percent_statements_covered_display": "93", "num_branches": 22, "num_partial_branches": 6, "covered_branches": 16, "missing_branches": 6, "percent_branches_covered": 72.72727272727273, "percent_branches_covered_display": "73"}, "missing_lines": [96, 181, 216, 295, 329, 330, 331, 332, 333], "excluded_lines": [], "executed_branches": [[89, 90], [89, 92], [93, 94], [113, 114], [113, 118], [114, 115], [116, 117], [178, 179], [178, 180], [180, 182], [213, 214], [213, 226], [215, 218], [292, 293], [292, 300], [294, 300]], "missing_branches": [[93, 96], [114, 118], [116, 114], [180, 181], [215, 216], [294, 295]], "functions": {"BanknoteDataset.__init__": {"executed_lines": [89, 90, 92, 93, 94, 98, 99, 100, 101], "summary": {"covered_lines": 9, "num_statements": 10, "percent_covered": 85.71428571428571, "percent_covered_display": "86", "missing_lines": 1, "excluded_lines": 0, "percent_statements_covered": 90.0, "percent_statements_covered_display": "90", "num_branches": 4, "num_partial_branches": 1, "covered_branches": 3, "missing_branches": 1, "percent_branches_covered": 75.0, "percent_branches_covered_display": "75"}, "missing_lines": [96], "excluded_lines": [], "start_line": 71, "executed_branches": [[89, 90], [89, 92], [93, 94]], "missing_branches": [[93, 96]]}, "BanknoteDataset._resolve_image_path": {"executed_lines": [112, 113, 114, 115, 116, 117, 118], "summary": {"covered_lines": 7, "num_statements": 7, "percent_covered": 84.61538461538461, "percent_covered_display": "85", "missing_lines": 0, "excluded_lines": 0, "percent_statements_covered": 100.0, "percent_statements_covered_display": "100", "num_branches": 6, "num_partial_branches": 2, "covered_branches": 4, "missing_branches": 2, "percent_branches_covered": 66.66666666666667, "percent_branches_covered_display": "67"}, "missing_lines": [], "excluded_lines": [], "start_line": 103, "executed_branches": [[113, 114], [113, 118], [114, 115], [116, 117]], "missing_branches": [[114, 118], [116, 114]]}, "BanknoteDataset.__len__": {"executed_lines": [122], "summary": {"covered_lines": 1, "num_statements": 1, "percent_covered": 100.0, "percent_covered_display": "100", "missing_lines": 0, "excluded_lines": 0, "percent_statements_covered": 100.0, "percent_statements_covered_display": "100", "num_branches": 0, "num_partial_branches": 0, "covered_branches": 0, "missing_branches": 0, "percent_branches_covered": 100.0, "percent_branches_covered_display": "100"}, "missing_lines": [], "excluded_lines": [], "start_line": 120, "executed_branches": [], "missing_branches": []}, "BanknoteDataset.__getitem__": {"executed_lines": [133, 134, 135, 136, 138, 139, 140], "summary": {"covered_lines": 7, "num_statements": 7, "percent_covered": 100.0, "percent_covered_display": "100", "missing_lines": 0, "excluded_lines": 0, "percent_statements_covered": 100.0, "percent_statements_covered_display": "100", "num_branches": 0, "num_partial_branches": 0, "covered_branches": 0, "missing_branches": 0, "percent_branches_covered": 100.0, "percent_branches_covered_display": "100"}, "missing_lines": [], "excluded_lines": [], "start_line": 124, "executed_branches": [], "missing_branches": []}, "FeatureExtractor.__init__": {"executed_lines": [158, 159, 160], "summary": {"covered_lines": 3, "num_statements": 3, "percent_covered": 100.0, "percent_covered_display": "100", "missing_lines": 0, "excluded_lines": 0, "percent_statements_covered": 100.0, "percent_statements_covered_display": "100", "num_branches": 0, "num_partial_branches": 0, "covered_branches": 0, "missing_branches": 0, "percent_branches_covered": 100.0, "percent_branches_covered_display": "100"}, "missing_lines": [], "excluded_lines": [], "start_line": 152, "executed_branches": [], "missing_branches": []}, "FeatureExtractor.load_model": {"executed_lines": [175, 176, 177, 178, 179, 180, 182], "summary": {"covered_lines": 7, "num_statements": 8, "percent_covered": 83.33333333333333, "percent_covered_display": "83", "missing_lines": 1, "excluded_lines": 0, "percent_statements_covered": 87.5, "percent_statements_covered_display": "88", "num_branches": 4, "num_partial_branches": 1, "covered_branches": 3, "missing_branches": 1, "percent_branches_covered": 75.0, "percent_branches_covered_display": "75"}, "missing_lines": [181], "excluded_lines": [], "start_line": 169, "executed_branches": [[178, 179], [178, 180], [180, 182]], "missing_branches": [[180, 181]]}, "FeatureExtractor.extract": {"executed_lines": [190, 195, 203, 204, 205, 206, 207, 209, 210, 212, 213, 214, 215, 218, 219, 221, 222, 223, 224, 226, 227, 228, 232], "summary": {"covered_lines": 23, "num_statements": 24, "percent_covered": 92.85714285714286, "percent_covered_display": "93", "missing_lines": 1, "excluded_lines": 0, "percent_statements_covered": 95.83333333333333, "percent_statements_covered_display": "96", "num_branches": 4, "num_partial_branches": 1, "covered_branches": 3, "missing_branches": 1, "percent_branches_covered": 75.0, "percent_branches_covered_display": "75"}, "missing_lines": [216], "excluded_lines": [], "start_line": 184, "executed_branches": [[213, 214], [213, 226], [215, 218]], "missing_branches": [[215, 216]]}, "FeatureExtractor.save_h5": {"executed_lines": [252, 253, 254, 255, 256, 257, 258, 259, 260, 261, 262, 263, 264, 266, 267], "summary": {"covered_lines": 15, "num_statements": 15, "percent_covered": 100.0, "percent_covered_display": "100", "missing_lines": 0, "excluded_lines": 0, "percent_statements_covered": 100.0, "percent_statements_covered_display": "100", "num_branches": 0, "num_partial_branches": 0, "covered_branches": 0, "missing_branches": 0, "percent_branches_covered": 100.0, "percent_branches_covered_display": "100"}, "missing_lines": [], "excluded_lines": [], "start_line": 234, "executed_branches": [], "missing_branches": []}, "FeatureExtractor.save_parquet": {"executed_lines": [285, 286, 287, 292, 293, 294, 300, 301, 302], "summary": {"covered_lines": 9, "num_statements": 10, "percent_covered": 85.71428571428571, "percent_covered_display": "86", "missing_lines": 1, "excluded_lines": 0, "percent_statements_covered": 90.0, "percent_statements_covered_display": "90", "num_branches": 4, "num_partial_branches": 1, "covered_branches": 3, "missing_branches": 1, "percent_branches_covered": 75.0, "percent_branches_covered_display": "75"}, "missing_lines": [295], "excluded_lines": [], "start_line": 269, "executed_branches": [[292, 293], [292, 300], [294, 300]], "missing_branches": [[294, 295]]}, "FeatureExtractor.save_npy": {"executed_lines": [313, 314, 315, 316, 317], "summary": {"covered_lines": 5, "num_statements": 5, "percent_covered": 100.0, "percent_covered_display": "100", "missing_lines": 0, "excluded_lines": 0, "percent_statements_covered": 100.0, "percent_statements_covered_display": "100", "num_branches": 0, "num_partial_branches": 0, "covered_branches": 0, "missing_branches": 0, "percent_branches_covered": 100.0, "percent_branches_covered_display": "100"}, "missing_lines": [], "excluded_lines": [], "start_line": 304, "executed_branches": [], "missing_branches": []}, "FeatureExtractor.run": {"executed_lines": [], "summary": {"covered_lines": 0, "num_statements": 5, "percent_covered": 0.0, "percent_covered_display": "0", "missing_lines": 5, "excluded_lines": 0, "percent_statements_covered": 0.0, "percent_statements_covered_display": "0", "num_branches": 0, "num_partial_branches": 0, "covered_branches": 0, "missing_branches": 0, "percent_branches_covered": 100.0, "percent_branches_covered_display": "100"}, "missing_lines": [329, 330, 331, 332, 333], "excluded_lines": [], "start_line": 319, "executed_branches": [], "missing_branches": []}, "": {"executed_lines": [9, 10, 11, 12, 13, 15, 16, 17, 18, 19, 20, 21, 22, 23, 25, 27, 28, 31, 32, 49, 50, 51, 52, 53, 54, 55, 56, 57, 58, 59, 62, 71, 103, 120, 124, 143, 152, 169, 184, 234, 269, 304, 319], "summary": {"covered_lines": 43, "num_statements": 43, "percent_covered": 100.0, "percent_covered_display": "100", "missing_lines": 0, "excluded_lines": 0, "percent_statements_covered": 100.0, "percent_statements_covered_display": "100", "num_branches": 0, "num_partial_branches": 0, "covered_branches": 0, "missing_branches": 0, "percent_branches_covered": 100.0, "percent_branches_covered_display": "100"}, "missing_lines": [], "excluded_lines": [], "start_line": 1, "executed_branches": [], "missing_branches": []}}, "classes": {"ExtractionConfig": {"executed_lines": [], "summary": {"covered_lines": 0, "num_statements": 0, "percent_covered": 100.0, "percent_covered_display": "100", "missing_lines": 0, "excluded_lines": 0, "percent_statements_covered": 100.0, "percent_statements_covered_display": "100", "num_branches": 0, "num_partial_branches": 0, "covered_branches": 0, "missing_branches": 0, "percent_branches_covered": 100.0, "percent_branches_covered_display": "100"}, "missing_lines": [], "excluded_lines": [], "start_line": 32, "executed_branches": [], "missing_branches": []}, "BanknoteDataset": {"executed_lines": [89, 90, 92, 93, 94, 98, 99, 100, 101, 112, 113, 114, 115, 116, 117, 118, 122, 133, 134, 135, 136, 138, 139, 140], "summary": {"covered_lines": 24, "num_statements": 25, "percent_covered": 88.57142857142857, "percent_covered_display": "89", "missing_lines": 1, "excluded_lines": 0, "percent_statements_covered": 96.0, "percent_statements_covered_display": "96", "num_branches": 10, "num_partial_branches": 3, "covered_branches": 7, "missing_branches": 3, "percent_branches_covered": 70.0, "percent_branches_covered_display": "70"}, "missing_lines": [96], "excluded_lines": [], "start_line": 62, "executed_branches": [[89, 90], [89, 92], [93, 94], [113, 114], [113, 118], [114, 115], [116, 117]], "missing_branches": [[93, 96], [114, 118], [116, 114]]}, "FeatureExtractor": {"executed_lines": [158, 159, 160, 175, 176, 177, 178, 179, 180, 182, 190, 195, 203, 204, 205, 206, 207, 209, 210, 212, 213, 214, 215, 218, 219, 221, 222, 223, 224, 226, 227, 228, 232, 252, 253, 254, 255, 256, 257, 258, 259, 260, 261, 262, 263, 264, 266, 267, 285, 286, 287, 292, 293, 294, 300, 301, 302, 313, 314, 315, 316, 317], "summary": {"covered_lines": 62, "num_statements": 70, "percent_covered": 86.58536585365853, "percent_covered_display": "87", "missing_lines": 8, "excluded_lines": 0, "percent_statements_covered": 88.57142857142857, "percent_statements_covered_display": "89", "num_branches": 12, "num_partial_branches": 3, "covered_branches": 9, "missing_branches": 3, "percent_branches_covered": 75.0, "percent_branches_covered_display": "75"}, "missing_lines": [181, 216, 295, 329, 330, 331, 332, 333], "excluded_lines": [], "start_line": 143, "executed_branches": [[178, 179], [178, 180], [180, 182], [213, 214], [213, 226], [215, 218], [292, 293], [292, 300], [294, 300]], "missing_branches": [[180, 181], [215, 216], [294, 295]]}, "": {"executed_lines": [9, 10, 11, 12, 13, 15, 16, 17, 18, 19, 20, 21, 22, 23, 25, 27, 28, 31, 32, 49, 50, 51, 52, 53, 54, 55, 56, 57, 58, 59, 62, 71, 103, 120, 124, 143, 152, 169, 184, 234, 269, 304, 319], "summary": {"covered_lines": 43, "num_statements": 43, "percent_covered": 100.0, "percent_covered_display": "100", "missing_lines": 0, "excluded_lines": 0, "percent_statements_covered": 100.0, "percent_statements_covered_display": "100", "num_branches": 0, "num_partial_branches": 0, "covered_branches": 0, "missing_branches": 0, "percent_branches_covered": 100.0, "percent_branches_covered_display": "100"}, "missing_lines": [], "excluded_lines": [], "start_line": 1, "executed_branches": [], "missing_branches": []}}}, "src\\data\\splitter.py": {"executed_lines": [9, 10, 11, 12, 13, 15, 16, 18, 19, 21, 24, 25, 38, 39, 40, 41, 42, 43, 44, 47, 55, 66, 67, 69, 92, 93, 94, 96, 98, 99, 100, 101, 102, 103, 104, 105, 106, 107, 108, 109, 110, 111, 113, 120, 121, 122, 123, 124, 125, 126, 127, 128, 129, 130, 131, 132, 133, 134, 140, 141, 142, 143, 145, 146, 147, 149, 150, 151, 152, 153, 154, 155, 157, 159, 172, 173, 175, 176, 177, 179, 180, 181, 182, 184, 192, 193, 194, 196, 197, 198, 200, 201, 202, 203, 204, 205, 206, 208, 210, 221, 223, 224, 225, 226, 227, 228, 230, 235, 245, 251, 252, 253, 254, 255, 256, 257, 258, 259, 261, 262, 264, 265, 266, 267, 269, 270, 272, 273, 275, 276, 277, 278], "summary": {"covered_lines": 132, "num_statements": 132, "percent_covered": 97.67441860465117, "percent_covered_display": "98", "missing_lines": 0, "excluded_lines": 8, "percent_statements_covered": 100.0, "percent_statements_covered_display": "100", "num_branches": 40, "num_partial_branches": 4, "covered_branches": 36, "missing_branches": 4, "percent_branches_covered": 90.0, "percent_branches_covered_display": "90"}, "missing_lines": [], "excluded_lines": [281, 282, 283, 284, 285, 286, 287, 288], "executed_branches": [[98, 99], [98, 157], [102, 103], [102, 149], [106, 107], [106, 108], [121, 102], [121, 122], [123, 124], [123, 146], [124, 125], [124, 126], [128, 129], [128, 130], [140, 141], [140, 145], [146, 121], [146, 147], [149, 98], [149, 150], [153, 154], [153, 155], [201, 202], [201, 203], [203, 204], [203, 205], [205, 206], [205, 208], [251, 252], [251, 261], [254, 255], [256, 257], [264, -245], [264, 265], [275, 276], [277, 278]], "missing_branches": [[254, 256], [256, 258], [275, 277], [277, 264]], "functions": {"ZeroLeakageSplitter.__init__": {"executed_lines": [66, 67], "summary": {"covered_lines": 2, "num_statements": 2, "percent_covered": 100.0, "percent_covered_display": "100", "missing_lines": 0, "excluded_lines": 0, "percent_statements_covered": 100.0, "percent_statements_covered_display": "100", "num_branches": 0, "num_partial_branches": 0, "covered_branches": 0, "missing_branches": 0, "percent_branches_covered": 100.0, "percent_branches_covered_display": "100"}, "missing_lines": [], "excluded_lines": [], "start_line": 55, "executed_branches": [], "missing_branches": []}, "ZeroLeakageSplitter._optimize_cluster_assignment": {"executed_lines": [92, 93, 94, 96, 98, 99, 100, 101, 102, 103, 104, 105, 106, 107, 108, 109, 110, 111, 113, 120, 121, 122, 123, 124, 125, 126, 127, 128, 129, 130, 131, 132, 133, 134, 140, 141, 142, 143, 145, 146, 147, 149, 150, 151, 152, 153, 154, 155, 157], "summary": {"covered_lines": 49, "num_statements": 49, "percent_covered": 100.0, "percent_covered_display": "100", "missing_lines": 0, "excluded_lines": 0, "percent_statements_covered": 100.0, "percent_statements_covered_display": "100", "num_branches": 22, "num_partial_branches": 0, "covered_branches": 22, "missing_branches": 0, "percent_branches_covered": 100.0, "percent_branches_covered_display": "100"}, "missing_lines": [], "excluded_lines": [], "start_line": 69, "executed_branches": [[98, 99], [98, 157], [102, 103], [102, 149], [106, 107], [106, 108], [121, 102], [121, 122], [123, 124], [123, 146], [124, 125], [124, 126], [128, 129], [128, 130], [140, 141], [140, 145], [146, 121], [146, 147], [149, 98], [149, 150], [153, 154], [153, 155]], "missing_branches": []}, "ZeroLeakageSplitter.partition": {"executed_lines": [172, 173, 175, 176, 177, 179, 180, 181, 182, 184, 192, 193, 194, 196, 197, 198, 200, 201, 202, 203, 204, 205, 206, 208, 210, 221, 223, 224, 225, 226, 227, 228, 230, 235], "summary": {"covered_lines": 34, "num_statements": 34, "percent_covered": 100.0, "percent_covered_display": "100", "missing_lines": 0, "excluded_lines": 0, "percent_statements_covered": 100.0, "percent_statements_covered_display": "100", "num_branches": 6, "num_partial_branches": 0, "covered_branches": 6, "missing_branches": 0, "percent_branches_covered": 100.0, "percent_branches_covered_display": "100"}, "missing_lines": [], "excluded_lines": [], "start_line": 159, "executed_branches": [[201, 202], [201, 203], [203, 204], [203, 205], [205, 206], [205, 208]], "missing_branches": []}, "ZeroLeakageSplitter._apply_file_partitioning": {"executed_lines": [251, 252, 253, 254, 255, 256, 257, 258, 259, 261, 262, 264, 265, 266, 267, 269, 270, 272, 273, 275, 276, 277, 278], "summary": {"covered_lines": 23, "num_statements": 23, "percent_covered": 88.57142857142857, "percent_covered_display": "89", "missing_lines": 0, "excluded_lines": 0, "percent_statements_covered": 100.0, "percent_statements_covered_display": "100", "num_branches": 12, "num_partial_branches": 4, "covered_branches": 8, "missing_branches": 4, "percent_branches_covered": 66.66666666666667, "percent_branches_covered_display": "67"}, "missing_lines": [], "excluded_lines": [], "start_line": 245, "executed_branches": [[251, 252], [251, 261], [254, 255], [256, 257], [264, -245], [264, 265], [275, 276], [277, 278]], "missing_branches": [[254, 256], [256, 258], [275, 277], [277, 264]]}, "": {"executed_lines": [9, 10, 11, 12, 13, 15, 16, 18, 19, 21, 24, 25, 38, 39, 40, 41, 42, 43, 44, 47, 55, 69, 159, 245], "summary": {"covered_lines": 24, "num_statements": 24, "percent_covered": 100.0, "percent_covered_display": "100", "missing_lines": 0, "excluded_lines": 8, "percent_statements_covered": 100.0, "percent_statements_covered_display": "100", "num_branches": 0, "num_partial_branches": 0, "covered_branches": 0, "missing_branches": 0, "percent_branches_covered": 100.0, "percent_branches_covered_display": "100"}, "missing_lines": [], "excluded_lines": [281, 282, 283, 284, 285, 286, 287, 288], "start_line": 1, "executed_branches": [], "missing_branches": []}}, "classes": {"SplitPartitionResult": {"executed_lines": [], "summary": {"covered_lines": 0, "num_statements": 0, "percent_covered": 100.0, "percent_covered_display": "100", "missing_lines": 0, "excluded_lines": 0, "percent_statements_covered": 100.0, "percent_statements_covered_display": "100", "num_branches": 0, "num_partial_branches": 0, "covered_branches": 0, "missing_branches": 0, "percent_branches_covered": 100.0, "percent_branches_covered_display": "100"}, "missing_lines": [], "excluded_lines": [], "start_line": 25, "executed_branches": [], "missing_branches": []}, "ZeroLeakageSplitter": {"executed_lines": [66, 67, 92, 93, 94, 96, 98, 99, 100, 101, 102, 103, 104, 105, 106, 107, 108, 109, 110, 111, 113, 120, 121, 122, 123, 124, 125, 126, 127, 128, 129, 130, 131, 132, 133, 134, 140, 141, 142, 143, 145, 146, 147, 149, 150, 151, 152, 153, 154, 155, 157, 172, 173, 175, 176, 177, 179, 180, 181, 182, 184, 192, 193, 194, 196, 197, 198, 200, 201, 202, 203, 204, 205, 206, 208, 210, 221, 223, 224, 225, 226, 227, 228, 230, 235, 251, 252, 253, 254, 255, 256, 257, 258, 259, 261, 262, 264, 265, 266, 267, 269, 270, 272, 273, 275, 276, 277, 278], "summary": {"covered_lines": 108, "num_statements": 108, "percent_covered": 97.29729729729729, "percent_covered_display": "97", "missing_lines": 0, "excluded_lines": 0, "percent_statements_covered": 100.0, "percent_statements_covered_display": "100", "num_branches": 40, "num_partial_branches": 4, "covered_branches": 36, "missing_branches": 4, "percent_branches_covered": 90.0, "percent_branches_covered_display": "90"}, "missing_lines": [], "excluded_lines": [], "start_line": 47, "executed_branches": [[98, 99], [98, 157], [102, 103], [102, 149], [106, 107], [106, 108], [121, 102], [121, 122], [123, 124], [123, 146], [124, 125], [124, 126], [128, 129], [128, 130], [140, 141], [140, 145], [146, 121], [146, 147], [149, 98], [149, 150], [153, 154], [153, 155], [201, 202], [201, 203], [203, 204], [203, 205], [205, 206], [205, 208], [251, 252], [251, 261], [254, 255], [256, 257], [264, -245], [264, 265], [275, 276], [277, 278]], "missing_branches": [[254, 256], [256, 258], [275, 277], [277, 264]]}, "": {"executed_lines": [9, 10, 11, 12, 13, 15, 16, 18, 19, 21, 24, 25, 38, 39, 40, 41, 42, 43, 44, 47, 55, 69, 159, 245], "summary": {"covered_lines": 24, "num_statements": 24, "percent_covered": 100.0, "percent_covered_display": "100", "missing_lines": 0, "excluded_lines": 8, "percent_statements_covered": 100.0, "percent_statements_covered_display": "100", "num_branches": 0, "num_partial_branches": 0, "covered_branches": 0, "missing_branches": 0, "percent_branches_covered": 100.0, "percent_branches_covered_display": "100"}, "missing_lines": [], "excluded_lines": [281, 282, 283, 284, 285, 286, 287, 288], "start_line": 1, "executed_branches": [], "missing_branches": []}}}, "src\\data\\validator.py": {"executed_lines": [9, 10, 11, 12, 13, 15, 16, 17, 18, 19, 21, 22, 24, 27, 28, 41, 42, 43, 44, 45, 46, 47, 48, 51, 58, 64, 66, 67, 84, 86, 87, 88, 89, 90, 91, 92, 93, 94, 95, 97, 98, 111, 112, 113, 114, 115, 120, 122, 132, 133, 134, 139, 140, 141, 145, 147, 148, 149, 151, 152, 153, 155, 156, 157, 159, 165, 166, 168, 169, 170, 172, 174, 175, 177, 183, 194, 204, 205, 206, 208, 210, 211, 213, 220, 222, 223, 224, 225, 226, 227, 229, 231, 241, 247, 249, 250, 251], "summary": {"covered_lines": 97, "num_statements": 99, "percent_covered": 96.3963963963964, "percent_covered_display": "96", "missing_lines": 2, "excluded_lines": 7, "percent_statements_covered": 97.97979797979798, "percent_statements_covered_display": "98", "num_branches": 12, "num_partial_branches": 2, "covered_branches": 10, "missing_branches": 2, "percent_branches_covered": 83.33333333333333, "percent_branches_covered_display": "83"}, "missing_lines": [85, 143], "excluded_lines": [254, 255, 256, 257, 258, 259, 260], "executed_branches": [[84, 86], [88, 89], [88, 95], [112, 113], [112, 120], [140, 141], [223, 224], [223, 229], [225, 223], [225, 226]], "missing_branches": [[84, 85], [140, 143]], "functions": {"SplitValidator.__init__": {"executed_lines": [64], "summary": {"covered_lines": 1, "num_statements": 1, "percent_covered": 100.0, "percent_covered_display": "100", "missing_lines": 0, "excluded_lines": 0, "percent_statements_covered": 100.0, "percent_statements_covered_display": "100", "num_branches": 0, "num_partial_branches": 0, "covered_branches": 0, "missing_branches": 0, "percent_branches_covered": 100.0, "percent_branches_covered_display": "100"}, "missing_lines": [], "excluded_lines": [], "start_line": 58, "executed_branches": [], "missing_branches": []}, "SplitValidator._calculate_contamination_rate": {"executed_lines": [84, 86, 87, 88, 89, 90, 91, 92, 93, 94, 95], "summary": {"covered_lines": 11, "num_statements": 12, "percent_covered": 87.5, "percent_covered_display": "88", "missing_lines": 1, "excluded_lines": 0, "percent_statements_covered": 91.66666666666667, "percent_statements_covered_display": "92", "num_branches": 4, "num_partial_branches": 1, "covered_branches": 3, "missing_branches": 1, "percent_branches_covered": 75.0, "percent_branches_covered_display": "75"}, "missing_lines": [85], "excluded_lines": [], "start_line": 67, "executed_branches": [[84, 86], [88, 89], [88, 95]], "missing_branches": [[84, 85]]}, "SplitValidator._compute_class_proportions": {"executed_lines": [111, 112, 113, 114, 115, 120], "summary": {"covered_lines": 6, "num_statements": 6, "percent_covered": 100.0, "percent_covered_display": "100", "missing_lines": 0, "excluded_lines": 0, "percent_statements_covered": 100.0, "percent_statements_covered_display": "100", "num_branches": 2, "num_partial_branches": 0, "covered_branches": 2, "missing_branches": 0, "percent_branches_covered": 100.0, "percent_branches_covered_display": "100"}, "missing_lines": [], "excluded_lines": [], "start_line": 98, "executed_branches": [[112, 113], [112, 120]], "missing_branches": []}, "SplitValidator.validate": {"executed_lines": [132, 133, 134, 139, 140, 141, 145, 147, 148, 149, 151, 152, 153, 155, 156, 157, 159, 165, 166, 168, 169, 170, 172, 174, 175, 177, 183, 194, 204, 205, 206, 208, 210, 211], "summary": {"covered_lines": 34, "num_statements": 35, "percent_covered": 94.5945945945946, "percent_covered_display": "95", "missing_lines": 1, "excluded_lines": 0, "percent_statements_covered": 97.14285714285714, "percent_statements_covered_display": "97", "num_branches": 2, "num_partial_branches": 1, "covered_branches": 1, "missing_branches": 1, "percent_branches_covered": 50.0, "percent_branches_covered_display": "50"}, "missing_lines": [143], "excluded_lines": [], "start_line": 122, "executed_branches": [[140, 141]], "missing_branches": [[140, 143]]}, "SplitValidator._generate_split_plot": {"executed_lines": [220, 222, 223, 224, 225, 226, 227, 229, 231, 241, 247, 249, 250, 251], "summary": {"covered_lines": 14, "num_statements": 14, "percent_covered": 100.0, "percent_covered_display": "100", "missing_lines": 0, "excluded_lines": 0, "percent_statements_covered": 100.0, "percent_statements_covered_display": "100", "num_branches": 4, "num_partial_branches": 0, "covered_branches": 4, "missing_branches": 0, "percent_branches_covered": 100.0, "percent_branches_covered_display": "100"}, "missing_lines": [], "excluded_lines": [], "start_line": 213, "executed_branches": [[223, 224], [223, 229], [225, 223], [225, 226]], "missing_branches": []}, "": {"executed_lines": [9, 10, 11, 12, 13, 15, 16, 17, 18, 19, 21, 22, 24, 27, 28, 41, 42, 43, 44, 45, 46, 47, 48, 51, 58, 66, 67, 97, 98, 122, 213], "summary": {"covered_lines": 31, "num_statements": 31, "percent_covered": 100.0, "percent_covered_display": "100", "missing_lines": 0, "excluded_lines": 7, "percent_statements_covered": 100.0, "percent_statements_covered_display": "100", "num_branches": 0, "num_partial_branches": 0, "covered_branches": 0, "missing_branches": 0, "percent_branches_covered": 100.0, "percent_branches_covered_display": "100"}, "missing_lines": [], "excluded_lines": [254, 255, 256, 257, 258, 259, 260], "start_line": 1, "executed_branches": [], "missing_branches": []}}, "classes": {"ValidationReport": {"executed_lines": [], "summary": {"covered_lines": 0, "num_statements": 0, "percent_covered": 100.0, "percent_covered_display": "100", "missing_lines": 0, "excluded_lines": 0, "percent_statements_covered": 100.0, "percent_statements_covered_display": "100", "num_branches": 0, "num_partial_branches": 0, "covered_branches": 0, "missing_branches": 0, "percent_branches_covered": 100.0, "percent_branches_covered_display": "100"}, "missing_lines": [], "excluded_lines": [], "start_line": 28, "executed_branches": [], "missing_branches": []}, "SplitValidator": {"executed_lines": [64, 84, 86, 87, 88, 89, 90, 91, 92, 93, 94, 95, 111, 112, 113, 114, 115, 120, 132, 133, 134, 139, 140, 141, 145, 147, 148, 149, 151, 152, 153, 155, 156, 157, 159, 165, 166, 168, 169, 170, 172, 174, 175, 177, 183, 194, 204, 205, 206, 208, 210, 211, 220, 222, 223, 224, 225, 226, 227, 229, 231, 241, 247, 249, 250, 251], "summary": {"covered_lines": 66, "num_statements": 68, "percent_covered": 95.0, "percent_covered_display": "95", "missing_lines": 2, "excluded_lines": 0, "percent_statements_covered": 97.05882352941177, "percent_statements_covered_display": "97", "num_branches": 12, "num_partial_branches": 2, "covered_branches": 10, "missing_branches": 2, "percent_branches_covered": 83.33333333333333, "percent_branches_covered_display": "83"}, "missing_lines": [85, 143], "excluded_lines": [], "start_line": 51, "executed_branches": [[84, 86], [88, 89], [88, 95], [112, 113], [112, 120], [140, 141], [223, 224], [223, 229], [225, 223], [225, 226]], "missing_branches": [[84, 85], [140, 143]]}, "": {"executed_lines": [9, 10, 11, 12, 13, 15, 16, 17, 18, 19, 21, 22, 24, 27, 28, 41, 42, 43, 44, 45, 46, 47, 48, 51, 58, 66, 67, 97, 98, 122, 213], "summary": {"covered_lines": 31, "num_statements": 31, "percent_covered": 100.0, "percent_covered_display": "100", "missing_lines": 0, "excluded_lines": 7, "percent_statements_covered": 100.0, "percent_statements_covered_display": "100", "num_branches": 0, "num_partial_branches": 0, "covered_branches": 0, "missing_branches": 0, "percent_branches_covered": 100.0, "percent_branches_covered_display": "100"}, "missing_lines": [], "excluded_lines": [254, 255, 256, 257, 258, 259, 260], "start_line": 1, "executed_branches": [], "missing_branches": []}}}}, "totals": {"covered_lines": 873, "num_statements": 892, "percent_covered": 96.01851851851852, "percent_covered_display": "96", "missing_lines": 19, "excluded_lines": 25, "percent_statements_covered": 97.86995515695067, "percent_statements_covered_display": "98", "num_branches": 188, "num_partial_branches": 24, "covered_branches": 164, "missing_branches": 24, "percent_branches_covered": 87.23404255319149, "percent_branches_covered_display": "87"}}